[ 2025-09-06 23:45:46,794 ] 1025 httpx - INFO - HTTP Request: GET https://dagshub.com/api/v1/user "HTTP/1.1 200 OK"
[ 2025-09-06 23:45:46,804 ] 107 dagshub - INFO - Accessing as ritikrawat2447
[ 2025-09-06 23:45:47,568 ] 1025 httpx - INFO - HTTP Request: GET https://dagshub.com/api/v1/repos/ritikrawat2447/NetworkSecurity "HTTP/1.1 200 OK"
[ 2025-09-06 23:45:47,919 ] 1025 httpx - INFO - HTTP Request: GET https://dagshub.com/api/v1/user "HTTP/1.1 200 OK"
[ 2025-09-06 23:45:47,921 ] 107 dagshub - INFO - Initialized MLflow to track repo "ritikrawat2447/NetworkSecurity"
[ 2025-09-06 23:45:47,922 ] 107 dagshub - INFO - Repository ritikrawat2447/NetworkSecurity initialized!
[ 2025-09-06 23:51:38,899 ] 42 root - INFO - Start data Ingestion
[ 2025-09-06 23:51:40,601 ] 65 root - INFO - Performed train test split on the dataframe
[ 2025-09-06 23:51:40,601 ] 67 root - INFO - Exited split_data_as_train_test method of Data_Ingestion class
[ 2025-09-06 23:51:40,601 ] 75 root - INFO - Exporting train and test file path.
[ 2025-09-06 23:51:40,714 ] 84 root - INFO - Exported train and test file path.
[ 2025-09-06 23:51:40,715 ] 45 root - INFO - Data Ingestion completed and artifact: DataIngestionArtifact(trained_file_path='Artifacts/09_06_2025_23_45_41/data_ingestion/ingested/train.csv', test_file_path='Artifacts/09_06_2025_23_45_41/data_ingestion/ingested/test.csv')
[ 2025-09-06 23:51:40,729 ] 55 root - INFO - Initiate the data Validation
[ 2025-09-06 23:51:40,777 ] 32 root - INFO - Required number of columns:2
[ 2025-09-06 23:51:40,777 ] 33 root - INFO - Data frame has columns:31
[ 2025-09-06 23:51:40,777 ] 32 root - INFO - Required number of columns:2
[ 2025-09-06 23:51:40,777 ] 33 root - INFO - Data frame has columns:31
[ 2025-09-06 23:51:41,000 ] 63 root - INFO - Entered initiate_data_transformation method of DataTransformation class
[ 2025-09-06 23:51:41,000 ] 65 root - INFO - Starting data transformation
[ 2025-09-06 23:51:41,046 ] 48 root - INFO - Entered get_data_trnasformer_object method of Trnasformation class
[ 2025-09-06 23:51:41,047 ] 53 root - INFO - Initialise KNNImputer with {'missing_values': nan, 'n_neighbors': 3, 'weights': 'uniform'}
[ 2025-09-06 23:51:41,086 ] 46 root - INFO - Entered the save_object method of MainUtils class
[ 2025-09-06 23:51:41,097 ] 50 root - INFO - Exited the save_object method of MainUtils class
[ 2025-09-06 23:51:41,097 ] 46 root - INFO - Entered the save_object method of MainUtils class
[ 2025-09-06 23:51:41,112 ] 50 root - INFO - Exited the save_object method of MainUtils class
[ 2025-09-06 23:58:12,969 ] 46 root - INFO - Entered the save_object method of MainUtils class
[ 2025-09-06 23:58:12,975 ] 50 root - INFO - Exited the save_object method of MainUtils class
[ 2025-09-06 23:58:12,977 ] 46 root - INFO - Entered the save_object method of MainUtils class
[ 2025-09-06 23:58:13,736 ] 50 root - INFO - Exited the save_object method of MainUtils class
[ 2025-09-06 23:58:13,737 ] 138 root - INFO - Model trainer artifact: ModelTrainerArtifact(trained_model_file_path='Artifacts/09_06_2025_23_45_41/model_trainer/trained_model/model.pkl', train_metric_artifact=ClassificationMetricArtifact(f1_score=0.991889699918897, precision_score=0.9914876368058371, recall_score=0.9922920892494929), test_metric_artifact=ClassificationMetricArtifact(f1_score=0.9698942229454841, precision_score=0.9683184402924452, recall_score=0.9714751426242869))
