[ 2025-09-07 00:02:33,490 ] 1025 httpx - INFO - HTTP Request: GET https://dagshub.com/api/v1/user "HTTP/1.1 200 OK"
[ 2025-09-07 00:02:33,499 ] 107 dagshub - INFO - Accessing as ritikrawat2447
[ 2025-09-07 00:02:34,152 ] 1025 httpx - INFO - HTTP Request: GET https://dagshub.com/api/v1/repos/ritikrawat2447/NetworkSecurity "HTTP/1.1 200 OK"
[ 2025-09-07 00:02:34,529 ] 1025 httpx - INFO - HTTP Request: GET https://dagshub.com/api/v1/user "HTTP/1.1 200 OK"
[ 2025-09-07 00:02:34,533 ] 107 dagshub - INFO - Initialized MLflow to track repo "ritikrawat2447/NetworkSecurity"
[ 2025-09-07 00:02:34,537 ] 107 dagshub - INFO - Repository ritikrawat2447/NetworkSecurity initialized!
[ 2025-09-07 00:02:46,012 ] 42 root - INFO - Start data Ingestion
[ 2025-09-07 00:02:48,017 ] 65 root - INFO - Performed train test split on the dataframe
[ 2025-09-07 00:02:48,017 ] 67 root - INFO - Exited split_data_as_train_test method of Data_Ingestion class
[ 2025-09-07 00:02:48,017 ] 75 root - INFO - Exporting train and test file path.
[ 2025-09-07 00:02:48,125 ] 84 root - INFO - Exported train and test file path.
[ 2025-09-07 00:02:48,127 ] 45 root - INFO - Data Ingestion completed and artifact: DataIngestionArtifact(trained_file_path='Artifacts/09_07_2025_00_02_23/data_ingestion/ingested/train.csv', test_file_path='Artifacts/09_07_2025_00_02_23/data_ingestion/ingested/test.csv')
[ 2025-09-07 00:02:48,137 ] 55 root - INFO - Initiate the data Validation
[ 2025-09-07 00:02:48,181 ] 32 root - INFO - Required number of columns:2
[ 2025-09-07 00:02:48,181 ] 33 root - INFO - Data frame has columns:31
[ 2025-09-07 00:02:48,181 ] 32 root - INFO - Required number of columns:2
[ 2025-09-07 00:02:48,181 ] 33 root - INFO - Data frame has columns:31
[ 2025-09-07 00:02:48,540 ] 63 root - INFO - Entered initiate_data_transformation method of DataTransformation class
[ 2025-09-07 00:02:48,540 ] 65 root - INFO - Starting data transformation
[ 2025-09-07 00:02:48,601 ] 48 root - INFO - Entered get_data_trnasformer_object method of Trnasformation class
[ 2025-09-07 00:02:48,601 ] 53 root - INFO - Initialise KNNImputer with {'missing_values': nan, 'n_neighbors': 3, 'weights': 'uniform'}
[ 2025-09-07 00:02:48,691 ] 46 root - INFO - Entered the save_object method of MainUtils class
[ 2025-09-07 00:02:48,701 ] 50 root - INFO - Exited the save_object method of MainUtils class
[ 2025-09-07 00:02:48,701 ] 46 root - INFO - Entered the save_object method of MainUtils class
[ 2025-09-07 00:02:48,720 ] 50 root - INFO - Exited the save_object method of MainUtils class
[ 2025-09-07 00:08:18,516 ] 46 root - INFO - Entered the save_object method of MainUtils class
[ 2025-09-07 00:08:18,518 ] 50 root - INFO - Exited the save_object method of MainUtils class
[ 2025-09-07 00:08:18,518 ] 46 root - INFO - Entered the save_object method of MainUtils class
[ 2025-09-07 00:08:18,723 ] 50 root - INFO - Exited the save_object method of MainUtils class
[ 2025-09-07 00:08:18,723 ] 138 root - INFO - Model trainer artifact: ModelTrainerArtifact(trained_model_file_path='Artifacts/09_07_2025_00_02_23/model_trainer/trained_model/model.pkl', train_metric_artifact=ClassificationMetricArtifact(f1_score=0.9912130087869913, precision_score=0.9895140149223633, recall_score=0.9929178470254958), test_metric_artifact=ClassificationMetricArtifact(f1_score=0.9722448979591837, precision_score=0.9643724696356275, recall_score=0.980246913580247))
