[ 2025-09-07 00:10:39,591 ] 1025 httpx - INFO - HTTP Request: GET https://dagshub.com/api/v1/user "HTTP/1.1 200 OK"
[ 2025-09-07 00:10:39,599 ] 107 dagshub - INFO - Accessing as ritikrawat2447
[ 2025-09-07 00:10:40,061 ] 1025 httpx - INFO - HTTP Request: GET https://dagshub.com/api/v1/repos/ritikrawat2447/NetworkSecurity "HTTP/1.1 200 OK"
[ 2025-09-07 00:10:40,408 ] 1025 httpx - INFO - HTTP Request: GET https://dagshub.com/api/v1/user "HTTP/1.1 200 OK"
[ 2025-09-07 00:10:40,412 ] 107 dagshub - INFO - Initialized MLflow to track repo "ritikrawat2447/NetworkSecurity"
[ 2025-09-07 00:10:40,413 ] 107 dagshub - INFO - Repository ritikrawat2447/NetworkSecurity initialized!
[ 2025-09-07 00:10:50,496 ] 42 root - INFO - Start data Ingestion
[ 2025-09-07 00:10:51,989 ] 65 root - INFO - Performed train test split on the dataframe
[ 2025-09-07 00:10:51,990 ] 67 root - INFO - Exited split_data_as_train_test method of Data_Ingestion class
[ 2025-09-07 00:10:51,990 ] 75 root - INFO - Exporting train and test file path.
[ 2025-09-07 00:10:52,089 ] 84 root - INFO - Exported train and test file path.
[ 2025-09-07 00:10:52,090 ] 45 root - INFO - Data Ingestion completed and artifact: DataIngestionArtifact(trained_file_path='Artifacts/09_07_2025_00_10_34/data_ingestion/ingested/train.csv', test_file_path='Artifacts/09_07_2025_00_10_34/data_ingestion/ingested/test.csv')
[ 2025-09-07 00:10:52,101 ] 55 root - INFO - Initiate the data Validation
[ 2025-09-07 00:10:52,142 ] 32 root - INFO - Required number of columns:2
[ 2025-09-07 00:10:52,143 ] 33 root - INFO - Data frame has columns:31
[ 2025-09-07 00:10:52,143 ] 32 root - INFO - Required number of columns:2
[ 2025-09-07 00:10:52,143 ] 33 root - INFO - Data frame has columns:31
[ 2025-09-07 00:10:52,399 ] 63 root - INFO - Entered initiate_data_transformation method of DataTransformation class
[ 2025-09-07 00:10:52,399 ] 65 root - INFO - Starting data transformation
[ 2025-09-07 00:10:52,444 ] 48 root - INFO - Entered get_data_trnasformer_object method of Trnasformation class
[ 2025-09-07 00:10:52,445 ] 53 root - INFO - Initialise KNNImputer with {'missing_values': nan, 'n_neighbors': 3, 'weights': 'uniform'}
[ 2025-09-07 00:10:52,480 ] 46 root - INFO - Entered the save_object method of MainUtils class
[ 2025-09-07 00:10:52,489 ] 50 root - INFO - Exited the save_object method of MainUtils class
[ 2025-09-07 00:10:52,489 ] 46 root - INFO - Entered the save_object method of MainUtils class
[ 2025-09-07 00:10:52,502 ] 50 root - INFO - Exited the save_object method of MainUtils class
[ 2025-09-07 00:15:56,637 ] 46 root - INFO - Entered the save_object method of MainUtils class
[ 2025-09-07 00:15:56,640 ] 50 root - INFO - Exited the save_object method of MainUtils class
[ 2025-09-07 00:15:56,640 ] 46 root - INFO - Entered the save_object method of MainUtils class
[ 2025-09-07 00:15:56,758 ] 50 root - INFO - Exited the save_object method of MainUtils class
[ 2025-09-07 00:15:56,758 ] 138 root - INFO - Model trainer artifact: ModelTrainerArtifact(trained_model_file_path='Artifacts/09_07_2025_00_10_34/model_trainer/trained_model/model.pkl', train_metric_artifact=ClassificationMetricArtifact(f1_score=0.9921275736778361, precision_score=0.9895309039661767, recall_score=0.9947379073062134), test_metric_artifact=ClassificationMetricArtifact(f1_score=0.9699431356620634, precision_score=0.9582664526484751, recall_score=0.9819078947368421))
